\BOOKMARK [0][-]{chapter.1}{\376\377\000I\000n\000t\000r\000o\000d\000u\000c\000t\000i\000o\000n}{}% 1
\BOOKMARK [1][-]{section.1.1}{\376\377\000W\000h\000a\000t\000\040\000i\000s\000\040\000S\000u\000r\000v\000i\000v\000a\000l\000\040\000A\000n\000a\000l\000y\000s\000i\000s\000?}{chapter.1}% 2
\BOOKMARK [1][-]{section.1.2}{\376\377\000D\000i\000s\000t\000i\000n\000c\000t\000i\000v\000e\000\040\000F\000e\000a\000t\000u\000r\000e\000s\000\040\000o\000f\000\040\000S\000u\000r\000v\000i\000v\000a\000l\000\040\000D\000a\000t\000a}{chapter.1}% 3
\BOOKMARK [2][-]{subsection.1.2.1}{\376\377\000C\000e\000n\000s\000o\000r\000i\000n\000g}{section.1.2}% 4
\BOOKMARK [2][-]{subsection.1.2.2}{\376\377\000T\000i\000m\000e\000-\000V\000a\000r\000y\000i\000n\000g\000\040\000E\000f\000f\000e\000c\000t\000s\000\040\000a\000n\000d\000\040\000C\000o\000v\000a\000r\000i\000a\000t\000e\000s}{section.1.2}% 5
\BOOKMARK [2][-]{subsection.1.2.3}{\376\377\000M\000u\000l\000t\000i\000p\000l\000e\000\040\000O\000u\000t\000c\000o\000m\000e\000s\000\040\000a\000n\000d\000\040\000C\000o\000m\000p\000e\000t\000i\000n\000g\000\040\000R\000i\000s\000k\000s}{section.1.2}% 6
\BOOKMARK [1][-]{section.1.3}{\376\377\000C\000o\000r\000e\000\040\000Q\000u\000e\000s\000t\000i\000o\000n\000s\000\040\000i\000n\000\040\000S\000u\000r\000v\000i\000v\000a\000l\000\040\000A\000n\000a\000l\000y\000s\000i\000s}{chapter.1}% 7
\BOOKMARK [2][-]{subsection.1.3.1}{\376\377\000S\000u\000r\000v\000i\000v\000a\000l\000\040\000P\000r\000o\000b\000a\000b\000i\000l\000i\000t\000y\000\040\000E\000s\000t\000i\000m\000a\000t\000i\000o\000n}{section.1.3}% 8
\BOOKMARK [2][-]{subsection.1.3.2}{\376\377\000R\000i\000s\000k\000\040\000A\000s\000s\000e\000s\000s\000m\000e\000n\000t\000:\000\040\000H\000a\000z\000a\000r\000d\000\040\000F\000u\000n\000c\000t\000i\000o\000n}{section.1.3}% 9
\BOOKMARK [2][-]{subsection.1.3.3}{\376\377\000C\000o\000v\000a\000r\000i\000a\000t\000e\000\040\000E\000f\000f\000e\000c\000t\000s}{section.1.3}% 10
\BOOKMARK [2][-]{subsection.1.3.4}{\376\377\000G\000r\000o\000u\000p\000\040\000C\000o\000m\000p\000a\000r\000i\000s\000o\000n\000s}{section.1.3}% 11
\BOOKMARK [2][-]{subsection.1.3.5}{\376\377\000A\000d\000v\000a\000n\000c\000e\000d\000\040\000Q\000u\000e\000s\000t\000i\000o\000n\000s}{section.1.3}% 12
\BOOKMARK [1][-]{section.1.4}{\376\377\000T\000r\000a\000d\000i\000t\000i\000o\000n\000a\000l\000\040\000A\000p\000p\000r\000o\000a\000c\000h\000e\000s\000\040\000t\000o\000\040\000S\000u\000r\000v\000i\000v\000a\000l\000\040\000A\000n\000a\000l\000y\000s\000i\000s}{chapter.1}% 13
\BOOKMARK [2][-]{subsection.1.4.1}{\376\377\000N\000o\000n\000-\000P\000a\000r\000a\000m\000e\000t\000r\000i\000c\000\040\000M\000e\000t\000h\000o\000d\000s}{section.1.4}% 14
\BOOKMARK [2][-]{subsection.1.4.2}{\376\377\000S\000e\000m\000i\000-\000P\000a\000r\000a\000m\000e\000t\000r\000i\000c\000\040\000M\000e\000t\000h\000o\000d\000s}{section.1.4}% 15
\BOOKMARK [2][-]{subsection.1.4.3}{\376\377\000F\000u\000l\000l\000y\000\040\000P\000a\000r\000a\000m\000e\000t\000r\000i\000c\000\040\000M\000e\000t\000h\000o\000d\000s}{section.1.4}% 16
\BOOKMARK [1][-]{section.1.5}{\376\377\000L\000i\000m\000i\000t\000a\000t\000i\000o\000n\000s\000\040\000o\000f\000\040\000T\000r\000a\000d\000i\000t\000i\000o\000n\000a\000l\000\040\000M\000e\000t\000h\000o\000d\000s}{chapter.1}% 17
\BOOKMARK [2][-]{subsection.1.5.1}{\376\377\000M\000o\000d\000e\000l\000i\000n\000g\000\040\000C\000o\000n\000s\000t\000r\000a\000i\000n\000t\000s}{section.1.5}% 18
\BOOKMARK [2][-]{subsection.1.5.2}{\376\377\000H\000i\000g\000h\000-\000D\000i\000m\000e\000n\000s\000i\000o\000n\000a\000l\000\040\000D\000a\000t\000a\000\040\000C\000h\000a\000l\000l\000e\000n\000g\000e\000s}{section.1.5}% 19
\BOOKMARK [2][-]{subsection.1.5.3}{\376\377\000T\000i\000m\000e\000-\000V\000a\000r\000y\000i\000n\000g\000\040\000C\000h\000a\000l\000l\000e\000n\000g\000e\000s}{section.1.5}% 20
\BOOKMARK [1][-]{section.1.6}{\376\377\000M\000o\000d\000e\000r\000n\000\040\000D\000e\000e\000p\000\040\000L\000e\000a\000r\000n\000i\000n\000g\000\040\000A\000p\000p\000r\000o\000a\000c\000h\000e\000s}{chapter.1}% 21
\BOOKMARK [2][-]{subsection.1.6.1}{\376\377\000N\000e\000u\000r\000a\000l\000\040\000C\000o\000x\000\040\000E\000x\000t\000e\000n\000s\000i\000o\000n\000s}{section.1.6}% 22
\BOOKMARK [2][-]{subsection.1.6.2}{\376\377\000D\000i\000s\000c\000r\000e\000t\000e\000-\000T\000i\000m\000e\000\040\000N\000e\000u\000r\000a\000l\000\040\000S\000u\000r\000v\000i\000v\000a\000l\000\040\000M\000o\000d\000e\000l\000s}{section.1.6}% 23
\BOOKMARK [2][-]{subsection.1.6.3}{\376\377\000D\000e\000e\000p\000\040\000P\000a\000r\000a\000m\000e\000t\000r\000i\000c\000\040\000S\000u\000r\000v\000i\000v\000a\000l\000\040\000M\000o\000d\000e\000l\000s}{section.1.6}% 24
\BOOKMARK [2][-]{subsection.1.6.4}{\376\377\000R\000e\000p\000r\000e\000s\000e\000n\000t\000a\000t\000i\000o\000n\000-\000F\000o\000c\000u\000s\000e\000d\000\040\000M\000o\000d\000e\000l\000s}{section.1.6}% 25
\BOOKMARK [1][-]{section.1.7}{\376\377\000A\000d\000v\000a\000n\000t\000a\000g\000e\000s\000\040\000o\000f\000\040\000D\000e\000e\000p\000\040\000L\000e\000a\000r\000n\000i\000n\000g\000\040\000f\000o\000r\000\040\000S\000u\000r\000v\000i\000v\000a\000l\000\040\000A\000n\000a\000l\000y\000s\000i\000s}{chapter.1}% 26
\BOOKMARK [2][-]{subsection.1.7.1}{\376\377\000F\000e\000a\000t\000u\000r\000e\000\040\000L\000e\000a\000r\000n\000i\000n\000g}{section.1.7}% 27
\BOOKMARK [2][-]{subsection.1.7.2}{\376\377\000F\000l\000e\000x\000i\000b\000l\000e\000\040\000R\000e\000l\000a\000t\000i\000o\000n\000s\000h\000i\000p\000\040\000M\000o\000d\000e\000l\000i\000n\000g}{section.1.7}% 28
\BOOKMARK [2][-]{subsection.1.7.3}{\376\377\000B\000e\000y\000o\000n\000d\000\040\000P\000r\000o\000p\000o\000r\000t\000i\000o\000n\000a\000l\000\040\000H\000a\000z\000a\000r\000d\000s}{section.1.7}% 29
\BOOKMARK [2][-]{subsection.1.7.4}{\376\377\000M\000u\000l\000t\000i\000-\000E\000v\000e\000n\000t\000\040\000M\000o\000d\000e\000l\000i\000n\000g}{section.1.7}% 30
\BOOKMARK [1][-]{section.1.8}{\376\377\000C\000o\000u\000r\000s\000e\000\040\000R\000o\000a\000d\000m\000a\000p}{chapter.1}% 31
\BOOKMARK [2][-]{subsection.1.8.1}{\376\377\000F\000o\000u\000n\000d\000a\000t\000i\000o\000n\000s\000\040\000\050\000C\000h\000a\000p\000t\000e\000r\000s\000\040\0001\000-\0003\000\051}{section.1.8}% 32
\BOOKMARK [2][-]{subsection.1.8.2}{\376\377\000D\000a\000t\000a\000\040\000R\000e\000p\000r\000e\000s\000e\000n\000t\000a\000t\000i\000o\000n\000\040\000\050\000C\000h\000a\000p\000t\000e\000r\000\040\0004\000\051}{section.1.8}% 33
\BOOKMARK [2][-]{subsection.1.8.3}{\376\377\000D\000e\000e\000p\000\040\000S\000u\000r\000v\000i\000v\000a\000l\000\040\000M\000o\000d\000e\000l\000s\000\040\000\050\000C\000h\000a\000p\000t\000e\000r\000s\000\040\0005\000-\0007\000\051}{section.1.8}% 34
\BOOKMARK [2][-]{subsection.1.8.4}{\376\377\000A\000d\000v\000a\000n\000c\000e\000d\000\040\000T\000o\000p\000i\000c\000s\000\040\000\050\000C\000h\000a\000p\000t\000e\000r\000s\000\040\0008\000-\0009\000\051}{section.1.8}% 35
\BOOKMARK [0][-]{chapter.2}{\376\377\000M\000o\000t\000i\000v\000a\000t\000i\000o\000n\000\040\000a\000n\000d\000\040\000P\000r\000o\000b\000l\000e\000m\000\040\000S\000e\000t\000t\000i\000n\000g}{}% 36
\BOOKMARK [1][-]{section.2.1}{\376\377\000T\000h\000e\000\040\000N\000e\000e\000d\000\040\000f\000o\000r\000\040\000T\000i\000m\000e\000-\000t\000o\000-\000E\000v\000e\000n\000t\000\040\000A\000n\000a\000l\000y\000s\000i\000s}{chapter.2}% 37
\BOOKMARK [1][-]{section.2.2}{\376\377\000A\000p\000p\000l\000i\000c\000a\000t\000i\000o\000n\000s\000\040\000A\000c\000r\000o\000s\000s\000\040\000D\000o\000m\000a\000i\000n\000s}{chapter.2}% 38
\BOOKMARK [2][-]{subsection.2.2.1}{\376\377\000H\000e\000a\000l\000t\000h\000c\000a\000r\000e\000\040\000A\000p\000p\000l\000i\000c\000a\000t\000i\000o\000n\000s}{section.2.2}% 39
\BOOKMARK [2][-]{subsection.2.2.2}{\376\377\000E\000n\000g\000i\000n\000e\000e\000r\000i\000n\000g\000\040\000a\000n\000d\000\040\000R\000e\000l\000i\000a\000b\000i\000l\000i\000t\000y\000\040\000A\000p\000p\000l\000i\000c\000a\000t\000i\000o\000n\000s}{section.2.2}% 40
\BOOKMARK [2][-]{subsection.2.2.3}{\376\377\000B\000u\000s\000i\000n\000e\000s\000s\000\040\000a\000n\000d\000\040\000E\000c\000o\000n\000o\000m\000i\000c\000\040\000A\000p\000p\000l\000i\000c\000a\000t\000i\000o\000n\000s}{section.2.2}% 41
\BOOKMARK [2][-]{subsection.2.2.4}{\376\377\000O\000t\000h\000e\000r\000\040\000D\000i\000v\000e\000r\000s\000e\000\040\000A\000p\000p\000l\000i\000c\000a\000t\000i\000o\000n\000s}{section.2.2}% 42
\BOOKMARK [1][-]{section.2.3}{\376\377\000U\000n\000i\000q\000u\000e\000\040\000C\000h\000a\000r\000a\000c\000t\000e\000r\000i\000s\000t\000i\000c\000s\000\040\000o\000f\000\040\000T\000i\000m\000e\000-\000t\000o\000-\000E\000v\000e\000n\000t\000\040\000D\000a\000t\000a}{chapter.2}% 43
\BOOKMARK [2][-]{subsection.2.3.1}{\376\377\000I\000n\000c\000o\000m\000p\000l\000e\000t\000e\000\040\000O\000b\000s\000e\000r\000v\000a\000t\000i\000o\000n\000s}{section.2.3}% 44
\BOOKMARK [2][-]{subsection.2.3.2}{\376\377\000V\000a\000r\000i\000a\000b\000l\000e\000\040\000F\000o\000l\000l\000o\000w\000-\000u\000p\000\040\000D\000u\000r\000a\000t\000i\000o\000n\000s}{section.2.3}% 45
\BOOKMARK [2][-]{subsection.2.3.3}{\376\377\000T\000i\000m\000e\000-\000V\000a\000r\000y\000i\000n\000g\000\040\000C\000o\000v\000a\000r\000i\000a\000t\000e\000s}{section.2.3}% 46
\BOOKMARK [2][-]{subsection.2.3.4}{\376\377\000M\000u\000l\000t\000i\000p\000l\000e\000\040\000C\000o\000m\000p\000e\000t\000i\000n\000g\000\040\000E\000v\000e\000n\000t\000s}{section.2.3}% 47
\BOOKMARK [2][-]{subsection.2.3.5}{\376\377\000I\000n\000f\000o\000r\000m\000a\000t\000i\000v\000e\000\040\000O\000b\000s\000e\000r\000v\000a\000t\000i\000o\000n\000\040\000P\000a\000t\000t\000e\000r\000n\000s}{section.2.3}% 48
\BOOKMARK [1][-]{section.2.4}{\376\377\000T\000h\000e\000\040\000F\000u\000n\000d\000a\000m\000e\000n\000t\000a\000l\000\040\000C\000h\000a\000l\000l\000e\000n\000g\000e\000:\000\040\000C\000e\000n\000s\000o\000r\000i\000n\000g}{chapter.2}% 49
\BOOKMARK [1][-]{section.2.5}{\376\377\000V\000i\000s\000u\000a\000l\000i\000z\000i\000n\000g\000\040\000S\000u\000r\000v\000i\000v\000a\000l\000\040\000D\000a\000t\000a}{chapter.2}% 50
\BOOKMARK [1][-]{section.2.6}{\376\377\000C\000o\000m\000p\000e\000t\000i\000n\000g\000\040\000R\000i\000s\000k\000s\000:\000\040\000A\000n\000o\000t\000h\000e\000r\000\040\000C\000h\000a\000l\000l\000e\000n\000g\000e}{chapter.2}% 51
\BOOKMARK [1][-]{section.2.7}{\376\377\000B\000e\000y\000o\000n\000d\000\040\000B\000i\000n\000a\000r\000y\000\040\000E\000v\000e\000n\000t\000s\000:\000\040\000C\000o\000m\000p\000l\000e\000x\000\040\000T\000i\000m\000e\000-\000t\000o\000-\000E\000v\000e\000n\000t\000\040\000S\000c\000e\000n\000a\000r\000i\000o\000s}{chapter.2}% 52
\BOOKMARK [2][-]{subsection.2.7.1}{\376\377\000R\000e\000c\000u\000r\000r\000e\000n\000t\000\040\000E\000v\000e\000n\000t\000s}{section.2.7}% 53
\BOOKMARK [2][-]{subsection.2.7.2}{\376\377\000M\000u\000l\000t\000i\000-\000S\000t\000a\000t\000e\000\040\000P\000r\000o\000c\000e\000s\000s\000e\000s}{section.2.7}% 54
\BOOKMARK [2][-]{subsection.2.7.3}{\376\377\000J\000o\000i\000n\000t\000\040\000L\000o\000n\000g\000i\000t\000u\000d\000i\000n\000a\000l\000\040\000a\000n\000d\000\040\000T\000i\000m\000e\000-\000t\000o\000-\000E\000v\000e\000n\000t\000\040\000D\000a\000t\000a}{section.2.7}% 55
\BOOKMARK [1][-]{section.2.8}{\376\377\000S\000u\000m\000m\000a\000r\000y}{chapter.2}% 56
\BOOKMARK [0][-]{chapter.3}{\376\377\000S\000u\000r\000v\000i\000v\000a\000l\000\040\000A\000n\000a\000l\000y\000s\000i\000s\000\040\000F\000o\000u\000n\000d\000a\000t\000i\000o\000n\000s}{}% 57
\BOOKMARK [1][-]{section.3.1}{\376\377\000F\000o\000u\000n\000d\000a\000t\000i\000o\000n\000s\000\040\000o\000f\000\040\000S\000u\000r\000v\000i\000v\000a\000l\000\040\000A\000n\000a\000l\000y\000s\000i\000s}{chapter.3}% 58
\BOOKMARK [1][-]{section.3.2}{\376\377\000M\000a\000t\000h\000e\000m\000a\000t\000i\000c\000a\000l\000\040\000F\000r\000a\000m\000e\000w\000o\000r\000k\000\040\000o\000f\000\040\000S\000u\000r\000v\000i\000v\000a\000l\000\040\000A\000n\000a\000l\000y\000s\000i\000s}{chapter.3}% 59
\BOOKMARK [2][-]{subsection.3.2.1}{\376\377\000C\000o\000r\000e\000\040\000F\000u\000n\000c\000t\000i\000o\000n\000s\000\040\000a\000n\000d\000\040\000T\000h\000e\000i\000r\000\040\000D\000e\000f\000i\000n\000i\000t\000i\000o\000n\000s}{section.3.2}% 60
\BOOKMARK [2][-]{subsection.3.2.2}{\376\377\000R\000e\000l\000a\000t\000i\000o\000n\000s\000h\000i\000p\000s\000\040\000B\000e\000t\000w\000e\000e\000n\000\040\000S\000u\000r\000v\000i\000v\000a\000l\000\040\000F\000u\000n\000c\000t\000i\000o\000n\000s}{section.3.2}% 61
\BOOKMARK [1][-]{section.3.3}{\376\377\000U\000n\000d\000e\000r\000s\000t\000a\000n\000d\000i\000n\000g\000\040\000H\000a\000z\000a\000r\000d\000\040\000F\000u\000n\000c\000t\000i\000o\000n\000s}{chapter.3}% 62
\BOOKMARK [2][-]{subsection.3.3.1}{\376\377\000I\000n\000t\000e\000r\000p\000r\000e\000t\000a\000t\000i\000o\000n\000\040\000o\000f\000\040\000t\000h\000e\000\040\000H\000a\000z\000a\000r\000d\000\040\000F\000u\000n\000c\000t\000i\000o\000n}{section.3.3}% 63
\BOOKMARK [2][-]{subsection.3.3.2}{\376\377\000C\000o\000m\000m\000o\000n\000\040\000H\000a\000z\000a\000r\000d\000\040\000P\000a\000t\000t\000e\000r\000n\000s}{section.3.3}% 64
\BOOKMARK [2][-]{subsection.3.3.3}{\376\377\000H\000a\000z\000a\000r\000d\000\040\000P\000a\000t\000t\000e\000r\000n\000s\000\040\000i\000n\000\040\000R\000e\000a\000l\000-\000W\000o\000r\000l\000d\000\040\000A\000p\000p\000l\000i\000c\000a\000t\000i\000o\000n\000s}{section.3.3}% 65
\BOOKMARK [1][-]{section.3.4}{\376\377\000C\000e\000n\000s\000o\000r\000i\000n\000g\000\040\000i\000n\000\040\000S\000u\000r\000v\000i\000v\000a\000l\000\040\000A\000n\000a\000l\000y\000s\000i\000s}{chapter.3}% 66
\BOOKMARK [2][-]{subsection.3.4.1}{\376\377\000T\000r\000u\000n\000c\000a\000t\000i\000o\000n\000\040\000v\000s\000.\000\040\000C\000e\000n\000s\000o\000r\000i\000n\000g}{section.3.4}% 67
\BOOKMARK [1][-]{section.3.5}{\376\377\000L\000i\000k\000e\000l\000i\000h\000o\000o\000d\000\040\000F\000u\000n\000c\000t\000i\000o\000n\000s\000\040\000f\000o\000r\000\040\000S\000u\000r\000v\000i\000v\000a\000l\000\040\000D\000a\000t\000a}{chapter.3}% 68
\BOOKMARK [2][-]{subsection.3.5.1}{\376\377\000G\000e\000n\000e\000r\000a\000l\000\040\000P\000r\000i\000n\000c\000i\000p\000l\000e\000s\000\040\000o\000f\000\040\000L\000i\000k\000e\000l\000i\000h\000o\000o\000d\000\040\000F\000u\000n\000c\000t\000i\000o\000n\000s}{section.3.5}% 69
\BOOKMARK [2][-]{subsection.3.5.2}{\376\377\000S\000u\000r\000v\000i\000v\000a\000l\000\040\000L\000i\000k\000e\000l\000i\000h\000o\000o\000d\000\040\000w\000i\000t\000h\000\040\000C\000e\000n\000s\000o\000r\000i\000n\000g}{section.3.5}% 70
\BOOKMARK [2][-]{subsection.3.5.3}{\376\377\000A\000l\000t\000e\000r\000n\000a\000t\000i\000v\000e\000\040\000F\000o\000r\000m\000u\000l\000a\000t\000i\000o\000n\000s}{section.3.5}% 71
\BOOKMARK [2][-]{subsection.3.5.4}{\376\377\000H\000a\000n\000d\000l\000i\000n\000g\000\040\000O\000t\000h\000e\000r\000\040\000T\000y\000p\000e\000s\000\040\000o\000f\000\040\000C\000e\000n\000s\000o\000r\000i\000n\000g}{section.3.5}% 72
\BOOKMARK [1][-]{section.3.6}{\376\377\000N\000o\000n\000-\000P\000a\000r\000a\000m\000e\000t\000r\000i\000c\000\040\000S\000u\000r\000v\000i\000v\000a\000l\000\040\000E\000s\000t\000i\000m\000a\000t\000i\000o\000n}{chapter.3}% 73
\BOOKMARK [2][-]{subsection.3.6.1}{\376\377\000T\000h\000e\000\040\000K\000a\000p\000l\000a\000n\000-\000M\000e\000i\000e\000r\000\040\000E\000s\000t\000i\000m\000a\000t\000o\000r}{section.3.6}% 74
\BOOKMARK [2][-]{subsection.3.6.2}{\376\377\000N\000e\000l\000s\000o\000n\000-\000A\000a\000l\000e\000n\000\040\000E\000s\000t\000i\000m\000a\000t\000o\000r}{section.3.6}% 75
\BOOKMARK [2][-]{subsection.3.6.3}{\376\377\000C\000o\000m\000p\000a\000r\000i\000n\000g\000\040\000G\000r\000o\000u\000p\000s\000\040\000w\000i\000t\000h\000\040\000N\000o\000n\000-\000P\000a\000r\000a\000m\000e\000t\000r\000i\000c\000\040\000M\000e\000t\000h\000o\000d\000s}{section.3.6}% 76
\BOOKMARK [1][-]{section.3.7}{\376\377\000T\000h\000e\000\040\000C\000o\000x\000\040\000P\000r\000o\000p\000o\000r\000t\000i\000o\000n\000a\000l\000\040\000H\000a\000z\000a\000r\000d\000s\000\040\000M\000o\000d\000e\000l}{chapter.3}% 77
\BOOKMARK [2][-]{subsection.3.7.1}{\376\377\000M\000o\000d\000e\000l\000\040\000F\000o\000r\000m\000u\000l\000a\000t\000i\000o\000n}{section.3.7}% 78
\BOOKMARK [2][-]{subsection.3.7.2}{\376\377\000P\000a\000r\000t\000i\000a\000l\000\040\000L\000i\000k\000e\000l\000i\000h\000o\000o\000d\000\040\000E\000s\000t\000i\000m\000a\000t\000i\000o\000n}{section.3.7}% 79
\BOOKMARK [2][-]{subsection.3.7.3}{\376\377\000I\000n\000t\000e\000r\000p\000r\000e\000t\000a\000t\000i\000o\000n\000\040\000o\000f\000\040\000P\000a\000r\000a\000m\000e\000t\000e\000r\000s}{section.3.7}% 80
\BOOKMARK [2][-]{subsection.3.7.4}{\376\377\000B\000a\000s\000e\000l\000i\000n\000e\000\040\000H\000a\000z\000a\000r\000d\000\040\000E\000s\000t\000i\000m\000a\000t\000i\000o\000n}{section.3.7}% 81
\BOOKMARK [2][-]{subsection.3.7.5}{\376\377\000E\000x\000t\000e\000n\000s\000i\000o\000n\000s\000\040\000o\000f\000\040\000t\000h\000e\000\040\000C\000o\000x\000\040\000M\000o\000d\000e\000l}{section.3.7}% 82
\BOOKMARK [1][-]{section.3.8}{\376\377\000C\000o\000m\000p\000e\000t\000i\000n\000g\000\040\000R\000i\000s\000k\000s\000\040\000A\000n\000a\000l\000y\000s\000i\000s}{chapter.3}% 83
\BOOKMARK [2][-]{subsection.3.8.1}{\376\377\000F\000r\000a\000m\000e\000w\000o\000r\000k\000\040\000a\000n\000d\000\040\000T\000e\000r\000m\000i\000n\000o\000l\000o\000g\000y}{section.3.8}% 84
\BOOKMARK [2][-]{subsection.3.8.2}{\376\377\000K\000e\000y\000\040\000F\000u\000n\000c\000t\000i\000o\000n\000s\000\040\000i\000n\000\040\000C\000o\000m\000p\000e\000t\000i\000n\000g\000\040\000R\000i\000s\000k\000s}{section.3.8}% 85
\BOOKMARK [2][-]{subsection.3.8.3}{\376\377\000M\000o\000d\000e\000l\000i\000n\000g\000\040\000A\000p\000p\000r\000o\000a\000c\000h\000e\000s\000\040\000f\000o\000r\000\040\000C\000o\000m\000p\000e\000t\000i\000n\000g\000\040\000R\000i\000s\000k\000s}{section.3.8}% 86
\BOOKMARK [1][-]{section.3.9}{\376\377\000L\000i\000m\000i\000t\000a\000t\000i\000o\000n\000s\000\040\000o\000f\000\040\000C\000l\000a\000s\000s\000i\000c\000a\000l\000\040\000M\000e\000t\000h\000o\000d\000s}{chapter.3}% 87
\BOOKMARK [2][-]{subsection.3.9.1}{\376\377\000L\000i\000m\000i\000t\000a\000t\000i\000o\000n\000s\000\040\000o\000f\000\040\000P\000a\000r\000a\000m\000e\000t\000r\000i\000c\000\040\000M\000o\000d\000e\000l\000s}{section.3.9}% 88
\BOOKMARK [2][-]{subsection.3.9.2}{\376\377\000L\000i\000m\000i\000t\000a\000t\000i\000o\000n\000s\000\040\000o\000f\000\040\000t\000h\000e\000\040\000C\000o\000x\000\040\000M\000o\000d\000e\000l}{section.3.9}% 89
\BOOKMARK [2][-]{subsection.3.9.3}{\376\377\000L\000i\000m\000i\000t\000a\000t\000i\000o\000n\000s\000\040\000i\000n\000\040\000C\000o\000m\000p\000e\000t\000i\000n\000g\000\040\000R\000i\000s\000k\000s\000\040\000A\000n\000a\000l\000y\000s\000i\000s}{section.3.9}% 90
\BOOKMARK [2][-]{subsection.3.9.4}{\376\377\000T\000h\000e\000\040\000C\000a\000s\000e\000\040\000f\000o\000r\000\040\000A\000d\000v\000a\000n\000c\000e\000d\000\040\000M\000e\000t\000h\000o\000d\000s}{section.3.9}% 91
\BOOKMARK [1][-]{section.3.10}{\376\377\000M\000o\000d\000e\000r\000n\000\040\000E\000x\000t\000e\000n\000s\000i\000o\000n\000s\000\040\000o\000f\000\040\000C\000l\000a\000s\000s\000i\000c\000a\000l\000\040\000M\000e\000t\000h\000o\000d\000s}{chapter.3}% 92
\BOOKMARK [2][-]{subsection.3.10.1}{\376\377\000M\000a\000c\000h\000i\000n\000e\000\040\000L\000e\000a\000r\000n\000i\000n\000g\000\040\000A\000d\000a\000p\000t\000a\000t\000i\000o\000n\000s}{section.3.10}% 93
\BOOKMARK [2][-]{subsection.3.10.2}{\376\377\000F\000l\000e\000x\000i\000b\000l\000e\000\040\000M\000o\000d\000e\000l\000i\000n\000g\000\040\000A\000p\000p\000r\000o\000a\000c\000h\000e\000s}{section.3.10}% 94
\BOOKMARK [2][-]{subsection.3.10.3}{\376\377\000C\000a\000u\000s\000a\000l\000\040\000I\000n\000f\000e\000r\000e\000n\000c\000e\000\040\000M\000e\000t\000h\000o\000d\000s}{section.3.10}% 95
\BOOKMARK [1][-]{section.3.11}{\376\377\000T\000r\000a\000n\000s\000i\000t\000i\000o\000n\000\040\000t\000o\000\040\000D\000e\000e\000p\000\040\000L\000e\000a\000r\000n\000i\000n\000g\000\040\000A\000p\000p\000r\000o\000a\000c\000h\000e\000s}{chapter.3}% 96
\BOOKMARK [1][-]{section.3.12}{\376\377\000S\000u\000m\000m\000a\000r\000y}{chapter.3}% 97
\BOOKMARK [0][-]{chapter.4}{\376\377\000C\000e\000n\000s\000o\000r\000i\000n\000g\000\040\000a\000n\000d\000\040\000C\000o\000m\000p\000e\000t\000i\000n\000g\000\040\000R\000i\000s\000k\000s}{}% 98
\BOOKMARK [1][-]{section.4.1}{\376\377\000U\000n\000d\000e\000r\000s\000t\000a\000n\000d\000i\000n\000g\000\040\000C\000e\000n\000s\000o\000r\000i\000n\000g}{chapter.4}% 99
\BOOKMARK [2][-]{subsection.4.1.1}{\376\377\000T\000y\000p\000e\000s\000\040\000o\000f\000\040\000C\000e\000n\000s\000o\000r\000i\000n\000g}{section.4.1}% 100
\BOOKMARK [2][-]{subsection.4.1.2}{\376\377\000T\000i\000m\000e\000-\000t\000o\000-\000E\000v\000e\000n\000t\000\040\000D\000a\000t\000a\000\040\000V\000i\000s\000u\000a\000l\000i\000z\000a\000t\000i\000o\000n}{section.4.1}% 101
\BOOKMARK [2][-]{subsection.4.1.3}{\376\377\000C\000l\000i\000n\000i\000c\000a\000l\000\040\000S\000t\000u\000d\000y\000\040\000V\000i\000s\000u\000a\000l\000i\000z\000a\000t\000i\000o\000n}{section.4.1}% 102
\BOOKMARK [2][-]{subsection.4.1.4}{\376\377\000C\000e\000n\000s\000o\000r\000i\000n\000g\000\040\000M\000e\000c\000h\000a\000n\000i\000s\000m\000s\000\040\000a\000n\000d\000\040\000T\000h\000e\000i\000r\000\040\000I\000m\000p\000l\000i\000c\000a\000t\000i\000o\000n\000s}{section.4.1}% 103
\BOOKMARK [1][-]{section.4.2}{\376\377\000C\000o\000m\000p\000e\000t\000i\000n\000g\000\040\000R\000i\000s\000k\000s}{chapter.4}% 104
\BOOKMARK [2][-]{subsection.4.2.1}{\376\377\000A\000n\000a\000l\000y\000z\000i\000n\000g\000\040\000C\000o\000m\000p\000e\000t\000i\000n\000g\000\040\000R\000i\000s\000k\000s}{section.4.2}% 105
\BOOKMARK [2][-]{subsection.4.2.2}{\376\377\000M\000o\000d\000e\000l\000i\000n\000g\000\040\000A\000p\000p\000r\000o\000a\000c\000h\000e\000s\000\040\000f\000o\000r\000\040\000C\000o\000m\000p\000e\000t\000i\000n\000g\000\040\000R\000i\000s\000k\000s}{section.4.2}% 106
\BOOKMARK [0][-]{chapter.5}{\376\377\000D\000e\000e\000p\000\040\000S\000u\000r\000v\000i\000v\000a\000l\000\040\000M\000a\000c\000h\000i\000n\000e\000s}{}% 107
\BOOKMARK [1][-]{section.5.1}{\376\377\000I\000n\000t\000r\000o\000d\000u\000c\000t\000i\000o\000n\000\040\000t\000o\000\040\000D\000e\000e\000p\000\040\000S\000u\000r\000v\000i\000v\000a\000l\000\040\000M\000a\000c\000h\000i\000n\000e\000s}{chapter.5}% 108
\BOOKMARK [1][-]{section.5.2}{\376\377\000L\000i\000m\000i\000t\000a\000t\000i\000o\000n\000s\000\040\000o\000f\000\040\000T\000r\000a\000d\000i\000t\000i\000o\000n\000a\000l\000\040\000S\000u\000r\000v\000i\000v\000a\000l\000\040\000A\000n\000a\000l\000y\000s\000i\000s\000\040\000M\000e\000t\000h\000o\000d\000s}{chapter.5}% 109
\BOOKMARK [2][-]{subsection.5.2.1}{\376\377\000L\000i\000m\000i\000t\000a\000t\000i\000o\000n\000s\000\040\000o\000f\000\040\000N\000o\000n\000-\000p\000a\000r\000a\000m\000e\000t\000r\000i\000c\000\040\000M\000e\000t\000h\000o\000d\000s}{section.5.2}% 110
\BOOKMARK [2][-]{subsection.5.2.2}{\376\377\000L\000i\000m\000i\000t\000a\000t\000i\000o\000n\000s\000\040\000o\000f\000\040\000t\000h\000e\000\040\000C\000o\000x\000\040\000P\000r\000o\000p\000o\000r\000t\000i\000o\000n\000a\000l\000\040\000H\000a\000z\000a\000r\000d\000s\000\040\000M\000o\000d\000e\000l}{section.5.2}% 111
\BOOKMARK [2][-]{subsection.5.2.3}{\376\377\000L\000i\000m\000i\000t\000a\000t\000i\000o\000n\000s\000\040\000o\000f\000\040\000E\000a\000r\000l\000y\000\040\000N\000e\000u\000r\000a\000l\000\040\000N\000e\000t\000w\000o\000r\000k\000\040\000A\000d\000a\000p\000t\000a\000t\000i\000o\000n\000s}{section.5.2}% 112
\BOOKMARK [1][-]{section.5.3}{\376\377\000C\000o\000m\000p\000l\000e\000x\000\040\000H\000a\000z\000a\000r\000d\000\040\000P\000a\000t\000t\000e\000r\000n\000s\000\040\000i\000n\000\040\000R\000e\000a\000l\000-\000W\000o\000r\000l\000d\000\040\000D\000a\000t\000a}{chapter.5}% 113
\BOOKMARK [2][-]{subsection.5.3.1}{\376\377\000M\000u\000l\000t\000i\000-\000M\000o\000d\000a\000l\000\040\000H\000a\000z\000a\000r\000d\000\040\000F\000u\000n\000c\000t\000i\000o\000n\000s}{section.5.3}% 114
\BOOKMARK [2][-]{subsection.5.3.2}{\376\377\000T\000h\000e\000\040\000N\000e\000e\000d\000\040\000f\000o\000r\000\040\000U\000n\000c\000e\000r\000t\000a\000i\000n\000t\000y\000\040\000Q\000u\000a\000n\000t\000i\000f\000i\000c\000a\000t\000i\000o\000n}{section.5.3}% 115
\BOOKMARK [1][-]{section.5.4}{\376\377\000D\000e\000e\000p\000\040\000S\000u\000r\000v\000i\000v\000a\000l\000\040\000M\000a\000c\000h\000i\000n\000e\000s\000:\000\040\000C\000o\000r\000e\000\040\000C\000o\000n\000c\000e\000p\000t\000u\000a\000l\000\040\000I\000n\000n\000o\000v\000a\000t\000i\000o\000n}{chapter.5}% 116
\BOOKMARK [2][-]{subsection.5.4.1}{\376\377\000T\000h\000e\000\040\000M\000i\000x\000t\000u\000r\000e\000\040\000D\000i\000s\000t\000r\000i\000b\000u\000t\000i\000o\000n\000\040\000A\000p\000p\000r\000o\000a\000c\000h}{section.5.4}% 117
\BOOKMARK [2][-]{subsection.5.4.2}{\376\377\000A\000r\000c\000h\000i\000t\000e\000c\000t\000u\000r\000a\000l\000\040\000C\000o\000m\000p\000o\000n\000e\000n\000t\000s}{section.5.4}% 118
\BOOKMARK [1][-]{section.5.5}{\376\377\000K\000e\000y\000\040\000I\000n\000n\000o\000v\000a\000t\000i\000o\000n\000s\000\040\000o\000f\000\040\000D\000e\000e\000p\000\040\000S\000u\000r\000v\000i\000v\000a\000l\000\040\000M\000a\000c\000h\000i\000n\000e\000s}{chapter.5}% 119
\BOOKMARK [2][-]{subsection.5.5.1}{\376\377\000E\000n\000d\000-\000t\000o\000-\000E\000n\000d\000\040\000L\000e\000a\000r\000n\000i\000n\000g}{section.5.5}% 120
\BOOKMARK [2][-]{subsection.5.5.2}{\376\377\000F\000l\000e\000x\000i\000b\000l\000e\000\040\000H\000a\000z\000a\000r\000d\000\040\000M\000o\000d\000e\000l\000i\000n\000g}{section.5.5}% 121
\BOOKMARK [2][-]{subsection.5.5.3}{\376\377\000U\000n\000c\000e\000r\000t\000a\000i\000n\000t\000y\000\040\000Q\000u\000a\000n\000t\000i\000f\000i\000c\000a\000t\000i\000o\000n}{section.5.5}% 122
\BOOKMARK [2][-]{subsection.5.5.4}{\376\377\000R\000i\000s\000k\000\040\000P\000r\000e\000d\000i\000c\000t\000i\000o\000n\000\040\000C\000a\000p\000a\000b\000i\000l\000i\000t\000i\000e\000s}{section.5.5}% 123
\BOOKMARK [1][-]{section.5.6}{\376\377\000M\000a\000t\000h\000e\000m\000a\000t\000i\000c\000a\000l\000\040\000F\000o\000u\000n\000d\000a\000t\000i\000o\000n\000\040\000o\000f\000\040\000D\000e\000e\000p\000\040\000S\000u\000r\000v\000i\000v\000a\000l\000\040\000M\000a\000c\000h\000i\000n\000e\000s}{chapter.5}% 124
\BOOKMARK [2][-]{subsection.5.6.1}{\376\377\000S\000u\000r\000v\000i\000v\000a\000l\000\040\000A\000n\000a\000l\000y\000s\000i\000s\000\040\000F\000u\000n\000d\000a\000m\000e\000n\000t\000a\000l\000s\000:\000\040\000A\000\040\000B\000r\000i\000e\000f\000\040\000R\000e\000c\000a\000p}{section.5.6}% 125
\BOOKMARK [2][-]{subsection.5.6.2}{\376\377\000T\000h\000e\000\040\000M\000i\000x\000t\000u\000r\000e\000\040\000F\000r\000a\000m\000e\000w\000o\000r\000k}{section.5.6}% 126
\BOOKMARK [2][-]{subsection.5.6.3}{\376\377\000I\000n\000s\000i\000g\000h\000t\000\040\000i\000n\000t\000o\000\040\000H\000a\000z\000a\000r\000d\000\040\000C\000o\000m\000p\000o\000s\000i\000t\000i\000o\000n}{section.5.6}% 127
\BOOKMARK [1][-]{section.5.7}{\376\377\000P\000a\000r\000a\000m\000e\000t\000r\000i\000c\000\040\000C\000o\000m\000p\000o\000n\000e\000n\000t\000\040\000D\000i\000s\000t\000r\000i\000b\000u\000t\000i\000o\000n\000s}{chapter.5}% 128
\BOOKMARK [2][-]{subsection.5.7.1}{\376\377\000W\000e\000i\000b\000u\000l\000l\000\040\000D\000i\000s\000t\000r\000i\000b\000u\000t\000i\000o\000n}{section.5.7}% 129
\BOOKMARK [2][-]{subsection.5.7.2}{\376\377\000L\000o\000g\000-\000N\000o\000r\000m\000a\000l\000\040\000D\000i\000s\000t\000r\000i\000b\000u\000t\000i\000o\000n}{section.5.7}% 130
\BOOKMARK [2][-]{subsection.5.7.3}{\376\377\000T\000h\000e\000\040\000P\000o\000w\000e\000r\000\040\000o\000f\000\040\000M\000i\000x\000t\000u\000r\000e\000s}{section.5.7}% 131
\BOOKMARK [1][-]{section.5.8}{\376\377\000N\000e\000u\000r\000a\000l\000\040\000P\000a\000r\000a\000m\000e\000t\000e\000r\000\040\000M\000a\000p\000p\000i\000n\000g}{chapter.5}% 132
\BOOKMARK [2][-]{subsection.5.8.1}{\376\377\000F\000r\000o\000m\000\040\000F\000e\000a\000t\000u\000r\000e\000s\000\040\000t\000o\000\040\000D\000i\000s\000t\000r\000i\000b\000u\000t\000i\000o\000n\000\040\000P\000a\000r\000a\000m\000e\000t\000e\000r\000s}{section.5.8}% 133
\BOOKMARK [2][-]{subsection.5.8.2}{\376\377\000N\000e\000t\000w\000o\000r\000k\000\040\000A\000r\000c\000h\000i\000t\000e\000c\000t\000u\000r\000e}{section.5.8}% 134
\BOOKMARK [1][-]{section.5.9}{\376\377\000T\000r\000a\000i\000n\000i\000n\000g\000\040\000D\000e\000e\000p\000\040\000S\000u\000r\000v\000i\000v\000a\000l\000\040\000M\000a\000c\000h\000i\000n\000e\000s}{chapter.5}% 135
\BOOKMARK [2][-]{subsection.5.9.1}{\376\377\000L\000o\000s\000s\000\040\000F\000u\000n\000c\000t\000i\000o\000n\000\040\000F\000o\000r\000m\000u\000l\000a\000t\000i\000o\000n}{section.5.9}% 136
\BOOKMARK [2][-]{subsection.5.9.2}{\376\377\000E\000L\000B\000O\000-\000B\000a\000s\000e\000d\000\040\000R\000e\000g\000u\000l\000a\000r\000i\000z\000a\000t\000i\000o\000n}{section.5.9}% 137
\BOOKMARK [1][-]{section.5.10}{\376\377\000I\000m\000p\000l\000e\000m\000e\000n\000t\000a\000t\000i\000o\000n\000\040\000C\000h\000a\000l\000l\000e\000n\000g\000e\000s\000\040\000a\000n\000d\000\040\000S\000o\000l\000u\000t\000i\000o\000n\000s}{chapter.5}% 138
\BOOKMARK [2][-]{subsection.5.10.1}{\376\377\000N\000u\000m\000e\000r\000i\000c\000a\000l\000\040\000S\000t\000a\000b\000i\000l\000i\000t\000y\000\040\000C\000h\000a\000l\000l\000e\000n\000g\000e\000s}{section.5.10}% 139
\BOOKMARK [2][-]{subsection.5.10.2}{\376\377\000L\000o\000g\000-\000S\000u\000m\000-\000E\000x\000p\000\040\000T\000r\000i\000c\000k}{section.5.10}% 140
\BOOKMARK [2][-]{subsection.5.10.3}{\376\377\000G\000r\000a\000d\000i\000e\000n\000t\000\040\000D\000e\000t\000a\000c\000h\000m\000e\000n\000t\000\040\000S\000t\000r\000a\000t\000e\000g\000y}{section.5.10}% 141
\BOOKMARK [1][-]{section.5.11}{\376\377\000A\000d\000v\000a\000n\000t\000a\000g\000e\000s\000\040\000o\000f\000\040\000D\000S\000M\000\040\000o\000v\000e\000r\000\040\000T\000r\000a\000d\000i\000t\000i\000o\000n\000a\000l\000\040\000M\000e\000t\000h\000o\000d\000s}{chapter.5}% 142
\BOOKMARK [2][-]{subsection.5.11.1}{\376\377\000C\000o\000m\000p\000a\000r\000e\000d\000\040\000t\000o\000\040\000C\000o\000x\000\040\000P\000r\000o\000p\000o\000r\000t\000i\000o\000n\000a\000l\000\040\000H\000a\000z\000a\000r\000d\000s}{section.5.11}% 143
\BOOKMARK [2][-]{subsection.5.11.2}{\376\377\000C\000o\000m\000p\000a\000r\000e\000d\000\040\000t\000o\000\040\000N\000e\000u\000r\000a\000l\000\040\000C\000o\000x\000\040\000M\000o\000d\000e\000l\000s}{section.5.11}% 144
\BOOKMARK [2][-]{subsection.5.11.3}{\376\377\000C\000o\000m\000p\000a\000r\000e\000d\000\040\000t\000o\000\040\000R\000a\000n\000d\000o\000m\000\040\000S\000u\000r\000v\000i\000v\000a\000l\000\040\000F\000o\000r\000e\000s\000t\000s}{section.5.11}% 145
\BOOKMARK [2][-]{subsection.5.11.4}{\376\377\000L\000i\000m\000i\000t\000a\000t\000i\000o\000n\000s\000\040\000a\000n\000d\000\040\000C\000o\000n\000s\000i\000d\000e\000r\000a\000t\000i\000o\000n\000s}{section.5.11}% 146
\BOOKMARK [1][-]{section.5.12}{\376\377\000P\000r\000a\000c\000t\000i\000c\000a\000l\000\040\000A\000p\000p\000l\000i\000c\000a\000t\000i\000o\000n\000s\000\040\000o\000f\000\040\000D\000S\000M}{chapter.5}% 147
\BOOKMARK [2][-]{subsection.5.12.1}{\376\377\000C\000a\000n\000c\000e\000r\000\040\000S\000u\000r\000v\000i\000v\000a\000l\000\040\000P\000r\000e\000d\000i\000c\000t\000i\000o\000n}{section.5.12}% 148
\BOOKMARK [1][-]{section.5.13}{\376\377\000S\000u\000m\000m\000a\000r\000y\000:\000\040\000D\000S\000M\000\040\000i\000n\000\040\000t\000h\000e\000\040\000B\000i\000g\000g\000e\000r\000\040\000P\000i\000c\000t\000u\000r\000e}{chapter.5}% 149
\BOOKMARK [2][-]{subsection.5.13.1}{\376\377\000K\000e\000y\000\040\000C\000o\000n\000t\000r\000i\000b\000u\000t\000i\000o\000n\000s}{section.5.13}% 150
\BOOKMARK [2][-]{subsection.5.13.2}{\376\377\000F\000u\000t\000u\000r\000e\000\040\000D\000i\000r\000e\000c\000t\000i\000o\000n\000s}{section.5.13}% 151
\BOOKMARK [0][-]{chapter.6}{\376\377\000M\000u\000l\000t\000i\000-\000E\000v\000e\000n\000t\000\040\000N\000e\000u\000r\000a\000l\000\040\000S\000u\000r\000v\000i\000v\000a\000l\000\040\000A\000n\000a\000l\000y\000s\000i\000s}{}% 152
\BOOKMARK [1][-]{section.6.1}{\376\377\000I\000n\000t\000r\000o\000d\000u\000c\000t\000i\000o\000n\000\040\000t\000o\000\040\000M\000u\000l\000t\000i\000-\000E\000v\000e\000n\000t\000\040\000N\000e\000u\000r\000a\000l\000\040\000S\000u\000r\000v\000i\000v\000a\000l\000\040\000A\000n\000a\000l\000y\000s\000i\000s}{chapter.6}% 153
\BOOKMARK [2][-]{subsection.6.1.1}{\376\377\000T\000h\000e\000\040\000B\000i\000g\000\040\000P\000i\000c\000t\000u\000r\000e\000:\000\040\000M\000o\000v\000i\000n\000g\000\040\000B\000e\000y\000o\000n\000d\000\040\000S\000i\000n\000g\000l\000e\000-\000E\000v\000e\000n\000t\000\040\000S\000u\000r\000v\000i\000v\000a\000l}{section.6.1}% 154
\BOOKMARK [2][-]{subsection.6.1.2}{\376\377\000C\000h\000a\000l\000l\000e\000n\000g\000e\000s\000\040\000i\000n\000\040\000M\000u\000l\000t\000i\000-\000E\000v\000e\000n\000t\000\040\000S\000u\000r\000v\000i\000v\000a\000l\000\040\000A\000n\000a\000l\000y\000s\000i\000s}{section.6.1}% 155
\BOOKMARK [1][-]{section.6.2}{\376\377\000T\000h\000e\000\040\000C\000o\000m\000p\000e\000t\000i\000n\000g\000\040\000R\000i\000s\000k\000s\000\040\000F\000r\000a\000m\000e\000w\000o\000r\000k}{chapter.6}% 156
\BOOKMARK [2][-]{subsection.6.2.1}{\376\377\000D\000a\000t\000a\000\040\000R\000e\000p\000r\000e\000s\000e\000n\000t\000a\000t\000i\000o\000n\000\040\000i\000n\000\040\000C\000o\000m\000p\000e\000t\000i\000n\000g\000\040\000R\000i\000s\000k\000s}{section.6.2}% 157
\BOOKMARK [2][-]{subsection.6.2.2}{\376\377\000C\000e\000n\000s\000o\000r\000i\000n\000g\000\040\000i\000n\000\040\000C\000o\000m\000p\000e\000t\000i\000n\000g\000\040\000R\000i\000s\000k\000s}{section.6.2}% 158
\BOOKMARK [1][-]{section.6.3}{\376\377\000K\000e\000y\000\040\000F\000u\000n\000c\000t\000i\000o\000n\000s\000\040\000i\000n\000\040\000C\000o\000m\000p\000e\000t\000i\000n\000g\000\040\000R\000i\000s\000k\000s}{chapter.6}% 159
\BOOKMARK [2][-]{subsection.6.3.1}{\376\377\000C\000a\000u\000s\000e\000-\000S\000p\000e\000c\000i\000f\000i\000c\000\040\000H\000a\000z\000a\000r\000d\000\040\000F\000u\000n\000c\000t\000i\000o\000n}{section.6.3}% 160
\BOOKMARK [2][-]{subsection.6.3.2}{\376\377\000O\000v\000e\000r\000a\000l\000l\000\040\000S\000u\000r\000v\000i\000v\000a\000l\000\040\000F\000u\000n\000c\000t\000i\000o\000n}{section.6.3}% 161
\BOOKMARK [2][-]{subsection.6.3.3}{\376\377\000C\000u\000m\000u\000l\000a\000t\000i\000v\000e\000\040\000I\000n\000c\000i\000d\000e\000n\000c\000e\000\040\000F\000u\000n\000c\000t\000i\000o\000n}{section.6.3}% 162
\BOOKMARK [2][-]{subsection.6.3.4}{\376\377\000S\000u\000b\000-\000D\000e\000n\000s\000i\000t\000y\000\040\000F\000u\000n\000c\000t\000i\000o\000n}{section.6.3}% 163
\BOOKMARK [1][-]{section.6.4}{\376\377\000T\000r\000a\000d\000i\000t\000i\000o\000n\000a\000l\000\040\000A\000p\000p\000r\000o\000a\000c\000h\000e\000s\000\040\000t\000o\000\040\000C\000o\000m\000p\000e\000t\000i\000n\000g\000\040\000R\000i\000s\000k\000s}{chapter.6}% 164
\BOOKMARK [2][-]{subsection.6.4.1}{\376\377\000C\000a\000u\000s\000e\000-\000S\000p\000e\000c\000i\000f\000i\000c\000\040\000C\000o\000x\000\040\000M\000o\000d\000e\000l\000s}{section.6.4}% 165
\BOOKMARK [2][-]{subsection.6.4.2}{\376\377\000F\000i\000n\000e\000-\000G\000r\000a\000y\000\040\000M\000o\000d\000e\000l}{section.6.4}% 166
\BOOKMARK [1][-]{section.6.5}{\376\377\000T\000h\000e\000\040\000M\000E\000N\000S\000A\000\040\000F\000r\000a\000m\000e\000w\000o\000r\000k}{chapter.6}% 167
\BOOKMARK [2][-]{subsection.6.5.1}{\376\377\000C\000o\000r\000e\000\040\000C\000o\000n\000c\000e\000p\000t\000u\000a\000l\000\040\000I\000n\000n\000o\000v\000a\000t\000i\000o\000n}{section.6.5}% 168
\BOOKMARK [2][-]{subsection.6.5.2}{\376\377\000M\000a\000t\000h\000e\000m\000a\000t\000i\000c\000a\000l\000\040\000F\000o\000r\000m\000u\000l\000a\000t\000i\000o\000n}{section.6.5}% 169
\BOOKMARK [2][-]{subsection.6.5.3}{\376\377\000N\000e\000u\000r\000a\000l\000\040\000N\000e\000t\000w\000o\000r\000k\000\040\000A\000r\000c\000h\000i\000t\000e\000c\000t\000u\000r\000e}{section.6.5}% 170
\BOOKMARK [1][-]{section.6.6}{\376\377\000T\000r\000a\000i\000n\000i\000n\000g\000\040\000a\000n\000d\000\040\000O\000p\000t\000i\000m\000i\000z\000a\000t\000i\000o\000n}{chapter.6}% 171
\BOOKMARK [2][-]{subsection.6.6.1}{\376\377\000L\000i\000k\000e\000l\000i\000h\000o\000o\000d\000\040\000F\000u\000n\000c\000t\000i\000o\000n}{section.6.6}% 172
\BOOKMARK [2][-]{subsection.6.6.2}{\376\377\000O\000p\000t\000i\000m\000i\000z\000a\000t\000i\000o\000n\000\040\000T\000e\000c\000h\000n\000i\000q\000u\000e\000s}{section.6.6}% 173
\BOOKMARK [2][-]{subsection.6.6.3}{\376\377\000A\000v\000o\000i\000d\000i\000n\000g\000\040\000N\000u\000m\000e\000r\000i\000c\000a\000l\000\040\000I\000s\000s\000u\000e\000s}{section.6.6}% 174
\BOOKMARK [1][-]{section.6.7}{\376\377\000I\000n\000f\000e\000r\000e\000n\000c\000e\000\040\000a\000n\000d\000\040\000R\000i\000s\000k\000\040\000P\000r\000e\000d\000i\000c\000t\000i\000o\000n}{chapter.6}% 175
\BOOKMARK [2][-]{subsection.6.7.1}{\376\377\000R\000i\000s\000k\000\040\000P\000r\000e\000d\000i\000c\000t\000i\000o\000n\000s\000\040\000w\000i\000t\000h\000\040\000M\000E\000N\000S\000A}{section.6.7}% 176
\BOOKMARK [2][-]{subsection.6.7.2}{\376\377\000U\000n\000c\000e\000r\000t\000a\000i\000n\000t\000y\000\040\000Q\000u\000a\000n\000t\000i\000f\000i\000c\000a\000t\000i\000o\000n}{section.6.7}% 177
\BOOKMARK [2][-]{subsection.6.7.3}{\376\377\000I\000n\000t\000e\000r\000p\000r\000e\000t\000i\000n\000g\000\040\000M\000E\000N\000S\000A\000\040\000M\000o\000d\000e\000l\000s}{section.6.7}% 178
\BOOKMARK [1][-]{section.6.8}{\376\377\000A\000p\000p\000l\000i\000c\000a\000t\000i\000o\000n\000s\000\040\000o\000f\000\040\000M\000E\000N\000S\000A}{chapter.6}% 179
\BOOKMARK [2][-]{subsection.6.8.1}{\376\377\000M\000e\000d\000i\000c\000a\000l\000\040\000A\000p\000p\000l\000i\000c\000a\000t\000i\000o\000n\000s}{section.6.8}% 180
\BOOKMARK [2][-]{subsection.6.8.2}{\376\377\000I\000n\000d\000u\000s\000t\000r\000i\000a\000l\000\040\000A\000p\000p\000l\000i\000c\000a\000t\000i\000o\000n\000s}{section.6.8}% 181
\BOOKMARK [2][-]{subsection.6.8.3}{\376\377\000B\000u\000s\000i\000n\000e\000s\000s\000\040\000A\000p\000p\000l\000i\000c\000a\000t\000i\000o\000n\000s}{section.6.8}% 182
\BOOKMARK [1][-]{section.6.9}{\376\377\000F\000u\000t\000u\000r\000e\000\040\000D\000i\000r\000e\000c\000t\000i\000o\000n\000s}{chapter.6}% 183
\BOOKMARK [1][-]{section.6.10}{\376\377\000S\000u\000m\000m\000a\000r\000y}{chapter.6}% 184
\BOOKMARK [0][-]{chapter.7}{\376\377\000L\000o\000s\000s\000\040\000F\000u\000n\000c\000t\000i\000o\000n\000s}{}% 185
\BOOKMARK [1][-]{section.7.1}{\376\377\000L\000o\000s\000s\000\040\000F\000u\000n\000c\000t\000i\000o\000n\000s\000\040\000f\000o\000r\000\040\000S\000u\000r\000v\000i\000v\000a\000l\000\040\000A\000n\000a\000l\000y\000s\000i\000s}{chapter.7}% 186
\BOOKMARK [2][-]{subsection.7.1.1}{\376\377\000S\000u\000r\000v\000i\000v\000a\000l\000\040\000L\000o\000s\000s\000e\000s}{section.7.1}% 187
\BOOKMARK [2][-]{subsection.7.1.2}{\376\377\000R\000a\000n\000k\000i\000n\000g\000\040\000L\000o\000s\000s\000e\000s\000\040\000i\000n\000\040\000S\000u\000r\000v\000i\000v\000a\000l\000\040\000A\000n\000a\000l\000y\000s\000i\000s}{section.7.1}% 188
\BOOKMARK [2][-]{subsection.7.1.3}{\376\377\000R\000e\000g\000r\000e\000s\000s\000i\000o\000n\000\040\000L\000o\000s\000s\000e\000s\000\040\000f\000o\000r\000\040\000S\000u\000r\000v\000i\000v\000a\000l\000\040\000A\000n\000a\000l\000y\000s\000i\000s}{section.7.1}% 189
\BOOKMARK [2][-]{subsection.7.1.4}{\376\377\000C\000l\000a\000s\000s\000i\000f\000i\000c\000a\000t\000i\000o\000n\000\040\000L\000o\000s\000s\000e\000s\000\040\000f\000o\000r\000\040\000S\000u\000r\000v\000i\000v\000a\000l\000\040\000A\000n\000a\000l\000y\000s\000i\000s}{section.7.1}% 190
\BOOKMARK [2][-]{subsection.7.1.5}{\376\377\000A\000u\000x\000i\000l\000i\000a\000r\000y\000\040\000L\000o\000s\000s\000e\000s\000\040\000a\000n\000d\000\040\000L\000o\000s\000s\000\040\000B\000a\000l\000a\000n\000c\000i\000n\000g}{section.7.1}% 191
\BOOKMARK [2][-]{subsection.7.1.6}{\376\377\000M\000o\000m\000e\000n\000t\000u\000m\000\040\000C\000o\000n\000t\000r\000a\000s\000t\000\040\000f\000o\000r\000\040\000S\000u\000r\000v\000i\000v\000a\000l\000\040\000A\000n\000a\000l\000y\000s\000i\000s}{section.7.1}% 192
\BOOKMARK [1][-]{section.7.2}{\376\377\000M\000o\000m\000e\000n\000t\000u\000m\000\040\000C\000o\000n\000t\000r\000a\000s\000t\000\040\000f\000o\000r\000\040\000S\000u\000r\000v\000i\000v\000a\000l\000\040\000A\000n\000a\000l\000y\000s\000i\000s}{chapter.7}% 193
\BOOKMARK [2][-]{subsection.7.2.1}{\376\377\000E\000v\000e\000n\000t\000\040\000S\000p\000a\000r\000s\000i\000t\000y\000\040\000a\000n\000d\000\040\000C\000e\000n\000s\000o\000r\000i\000n\000g\000\040\000C\000h\000a\000l\000l\000e\000n\000g\000e\000s}{section.7.2}% 194
\BOOKMARK [2][-]{subsection.7.2.2}{\376\377\000M\000o\000m\000e\000n\000t\000u\000m\000\040\000C\000o\000n\000t\000r\000a\000s\000t\000:\000\040\000C\000o\000r\000e\000\040\000P\000r\000i\000n\000c\000i\000p\000l\000e\000s}{section.7.2}% 195
\BOOKMARK [2][-]{subsection.7.2.3}{\376\377\000M\000a\000t\000h\000e\000m\000a\000t\000i\000c\000a\000l\000\040\000F\000o\000r\000m\000u\000l\000a\000t\000i\000o\000n}{section.7.2}% 196
\BOOKMARK [2][-]{subsection.7.2.4}{\376\377\000I\000m\000p\000l\000e\000m\000e\000n\000t\000a\000t\000i\000o\000n\000\040\000V\000a\000r\000i\000a\000n\000t\000s\000\040\000a\000n\000d\000\040\000S\000e\000l\000e\000c\000t\000i\000o\000n}{section.7.2}% 197
\BOOKMARK [2][-]{subsection.7.2.5}{\376\377\000M\000o\000C\000o\000\040\000R\000e\000c\000o\000m\000m\000e\000n\000d\000e\000r\000\040\000S\000y\000s\000t\000e\000m}{section.7.2}% 198
\BOOKMARK [2][-]{subsection.7.2.6}{\376\377\000E\000x\000p\000e\000r\000i\000m\000e\000n\000t\000a\000l\000\040\000R\000e\000s\000u\000l\000t\000s}{section.7.2}% 199
\BOOKMARK [2][-]{subsection.7.2.7}{\376\377\000P\000r\000a\000c\000t\000i\000c\000a\000l\000\040\000C\000o\000n\000s\000i\000d\000e\000r\000a\000t\000i\000o\000n\000s}{section.7.2}% 200
\BOOKMARK [2][-]{subsection.7.2.8}{\376\377\000C\000o\000n\000c\000l\000u\000s\000i\000o\000n}{section.7.2}% 201
\BOOKMARK [2][-]{subsection.7.2.9}{\376\377\000S\000u\000m\000m\000a\000r\000y\000\040\000a\000n\000d\000\040\000B\000e\000s\000t\000\040\000P\000r\000a\000c\000t\000i\000c\000e\000s}{section.7.2}% 202
\BOOKMARK [0][-]{chapter.8}{\376\377\000N\000u\000m\000e\000r\000i\000c\000a\000l\000\040\000S\000t\000a\000b\000i\000l\000i\000t\000y}{}% 203
\BOOKMARK [1][-]{section.8.1}{\376\377\000I\000m\000p\000o\000r\000t\000a\000n\000c\000e\000\040\000o\000f\000\040\000N\000u\000m\000e\000r\000i\000c\000a\000l\000\040\000S\000t\000a\000b\000i\000l\000i\000t\000y\000\040\000i\000n\000\040\000S\000u\000r\000v\000i\000v\000a\000l\000\040\000M\000o\000d\000e\000l\000s}{chapter.8}% 204
\BOOKMARK [1][-]{section.8.2}{\376\377\000C\000o\000m\000m\000o\000n\000\040\000N\000u\000m\000e\000r\000i\000c\000a\000l\000\040\000C\000h\000a\000l\000l\000e\000n\000g\000e\000s}{chapter.8}% 205
\BOOKMARK [2][-]{subsection.8.2.1}{\376\377\000U\000n\000d\000e\000r\000f\000l\000o\000w\000\040\000a\000n\000d\000\040\000O\000v\000e\000r\000f\000l\000o\000w}{section.8.2}% 206
\BOOKMARK [2][-]{subsection.8.2.2}{\376\377\000P\000r\000e\000c\000i\000s\000i\000o\000n\000\040\000L\000o\000s\000s\000\040\000a\000n\000d\000\040\000I\000n\000v\000a\000l\000i\000d\000\040\000O\000p\000e\000r\000a\000t\000i\000o\000n\000s}{section.8.2}% 207
\BOOKMARK [1][-]{section.8.3}{\376\377\000C\000r\000i\000t\000i\000c\000a\000l\000\040\000C\000a\000l\000c\000u\000l\000a\000t\000i\000o\000n\000s\000\040\000i\000n\000\040\000S\000u\000r\000v\000i\000v\000a\000l\000\040\000M\000o\000d\000e\000l\000s}{chapter.8}% 208
\BOOKMARK [2][-]{subsection.8.3.1}{\376\377\000H\000a\000z\000a\000r\000d\000\040\000F\000u\000n\000c\000t\000i\000o\000n\000\040\000C\000a\000l\000c\000u\000l\000a\000t\000i\000o\000n\000s}{section.8.3}% 209
\BOOKMARK [2][-]{subsection.8.3.2}{\376\377\000M\000i\000x\000t\000u\000r\000e\000\040\000M\000o\000d\000e\000l\000\040\000C\000h\000a\000l\000l\000e\000n\000g\000e\000s}{section.8.3}% 210
\BOOKMARK [2][-]{subsection.8.3.3}{\376\377\000G\000r\000a\000d\000i\000e\000n\000t\000\040\000C\000o\000m\000p\000u\000t\000a\000t\000i\000o\000n\000\040\000C\000h\000a\000l\000l\000e\000n\000g\000e\000s}{section.8.3}% 211
\BOOKMARK [1][-]{section.8.4}{\376\377\000S\000o\000l\000u\000t\000i\000o\000n\000s\000\040\000f\000o\000r\000\040\000N\000u\000m\000e\000r\000i\000c\000a\000l\000\040\000S\000t\000a\000b\000i\000l\000i\000t\000y}{chapter.8}% 212
\BOOKMARK [2][-]{subsection.8.4.1}{\376\377\000L\000o\000g\000-\000D\000o\000m\000a\000i\000n\000\040\000C\000a\000l\000c\000u\000l\000a\000t\000i\000o\000n\000s}{section.8.4}% 213
\BOOKMARK [2][-]{subsection.8.4.2}{\376\377\000L\000o\000g\000-\000S\000u\000m\000-\000E\000x\000p\000\040\000T\000r\000i\000c\000k}{section.8.4}% 214
\BOOKMARK [2][-]{subsection.8.4.3}{\376\377\000G\000r\000a\000d\000i\000e\000n\000t\000\040\000D\000e\000t\000a\000c\000h\000m\000e\000n\000t\000\040\000S\000t\000r\000a\000t\000e\000g\000y}{section.8.4}% 215
\BOOKMARK [2][-]{subsection.8.4.4}{\376\377\000C\000a\000s\000e\000\040\000S\000t\000u\000d\000y\000:\000\040\000W\000e\000i\000b\000u\000l\000l\000\040\000H\000a\000z\000a\000r\000d\000\040\000S\000t\000a\000b\000i\000l\000i\000z\000a\000t\000i\000o\000n}{section.8.4}% 216
\BOOKMARK [1][-]{section.8.5}{\376\377\000L\000o\000s\000s\000\040\000F\000u\000n\000c\000t\000i\000o\000n\000\040\000S\000t\000a\000b\000i\000l\000i\000t\000y\000\040\000T\000e\000c\000h\000n\000i\000q\000u\000e\000s}{chapter.8}% 217
\BOOKMARK [2][-]{subsection.8.5.1}{\376\377\000N\000a\000N\000\040\000D\000e\000t\000e\000c\000t\000i\000o\000n\000\040\000a\000n\000d\000\040\000R\000e\000p\000o\000r\000t\000i\000n\000g}{section.8.5}% 218
\BOOKMARK [2][-]{subsection.8.5.2}{\376\377\000S\000a\000f\000e\000\040\000L\000o\000s\000s\000\040\000A\000g\000g\000r\000e\000g\000a\000t\000i\000o\000n}{section.8.5}% 219
\BOOKMARK [2][-]{subsection.8.5.3}{\376\377\000F\000a\000l\000l\000b\000a\000c\000k\000\040\000M\000e\000c\000h\000a\000n\000i\000s\000m}{section.8.5}% 220
\BOOKMARK [1][-]{section.8.6}{\376\377\000T\000e\000s\000t\000i\000n\000g\000\040\000f\000o\000r\000\040\000N\000u\000m\000e\000r\000i\000c\000a\000l\000\040\000S\000t\000a\000b\000i\000l\000i\000t\000y}{chapter.8}% 221
\BOOKMARK [2][-]{subsection.8.6.1}{\376\377\000E\000x\000t\000r\000e\000m\000e\000\040\000V\000a\000l\000u\000e\000\040\000T\000e\000s\000t\000i\000n\000g}{section.8.6}% 222
\BOOKMARK [2][-]{subsection.8.6.2}{\376\377\000G\000r\000a\000d\000i\000e\000n\000t\000\040\000T\000e\000s\000t\000i\000n\000g}{section.8.6}% 223
\BOOKMARK [2][-]{subsection.8.6.3}{\376\377\000C\000o\000m\000p\000r\000e\000h\000e\000n\000s\000i\000v\000e\000\040\000T\000e\000s\000t\000\040\000C\000o\000v\000e\000r\000a\000g\000e}{section.8.6}% 224
\BOOKMARK [1][-]{section.8.7}{\376\377\000T\000h\000e\000\040\000I\000m\000p\000o\000r\000t\000a\000n\000c\000e\000\040\000o\000f\000\040\000N\000u\000m\000e\000r\000i\000c\000a\000l\000\040\000S\000t\000a\000b\000i\000l\000i\000t\000y\000\040\000f\000o\000r\000\040\000D\000e\000p\000l\000o\000y\000m\000e\000n\000t}{chapter.8}% 225
\BOOKMARK [2][-]{subsection.8.7.1}{\376\377\000C\000r\000i\000t\000i\000c\000a\000l\000\040\000A\000p\000p\000l\000i\000c\000a\000t\000i\000o\000n\000s}{section.8.7}% 226
\BOOKMARK [2][-]{subsection.8.7.2}{\376\377\000T\000e\000c\000h\000n\000i\000c\000a\000l\000\040\000B\000e\000n\000e\000f\000i\000t\000s}{section.8.7}% 227
\BOOKMARK [1][-]{section.8.8}{\376\377\000S\000u\000m\000m\000a\000r\000y}{chapter.8}% 228
\BOOKMARK [0][-]{chapter.9}{\376\377\000E\000x\000p\000e\000r\000t\000\040\000K\000n\000o\000w\000l\000e\000d\000g\000e\000\040\000I\000n\000t\000e\000g\000r\000a\000t\000i\000o\000n}{}% 229
\BOOKMARK [1][-]{section.9.1}{\376\377\000T\000h\000e\000\040\000I\000m\000p\000o\000r\000t\000a\000n\000c\000e\000\040\000o\000f\000\040\000E\000x\000p\000e\000r\000t\000\040\000K\000n\000o\000w\000l\000e\000d\000g\000e\000\040\000i\000n\000\040\000S\000u\000r\000v\000i\000v\000a\000l\000\040\000A\000n\000a\000l\000y\000s\000i\000s}{chapter.9}% 230
\BOOKMARK [1][-]{section.9.2}{\376\377\000W\000h\000y\000\040\000E\000x\000p\000e\000r\000t\000\040\000K\000n\000o\000w\000l\000e\000d\000g\000e\000\040\000M\000a\000t\000t\000e\000r\000s\000\040\000i\000n\000\040\000S\000u\000r\000v\000i\000v\000a\000l\000\040\000A\000n\000a\000l\000y\000s\000i\000s}{chapter.9}% 231
\BOOKMARK [2][-]{subsection.9.2.1}{\376\377\000L\000i\000m\000i\000t\000a\000t\000i\000o\000n\000s\000\040\000o\000f\000\040\000D\000a\000t\000a\000-\000O\000n\000l\000y\000\040\000A\000p\000p\000r\000o\000a\000c\000h\000e\000s}{section.9.2}% 232
\BOOKMARK [2][-]{subsection.9.2.2}{\376\377\000T\000h\000e\000\040\000G\000a\000p\000\040\000B\000e\000t\000w\000e\000e\000n\000\040\000D\000a\000t\000a\000\040\000a\000n\000d\000\040\000U\000n\000d\000e\000r\000s\000t\000a\000n\000d\000i\000n\000g}{section.9.2}% 233
\BOOKMARK [1][-]{section.9.3}{\376\377\000T\000y\000p\000e\000s\000\040\000o\000f\000\040\000E\000x\000p\000e\000r\000t\000\040\000K\000n\000o\000w\000l\000e\000d\000g\000e\000\040\000i\000n\000\040\000S\000u\000r\000v\000i\000v\000a\000l\000\040\000A\000n\000a\000l\000y\000s\000i\000s}{chapter.9}% 234
\BOOKMARK [2][-]{subsection.9.3.1}{\376\377\000F\000o\000r\000m\000s\000\040\000o\000f\000\040\000D\000o\000m\000a\000i\000n\000\040\000E\000x\000p\000e\000r\000t\000i\000s\000e}{section.9.3}% 235
\BOOKMARK [2][-]{subsection.9.3.2}{\376\377\000S\000o\000u\000r\000c\000e\000s\000\040\000o\000f\000\040\000E\000x\000p\000e\000r\000t\000\040\000K\000n\000o\000w\000l\000e\000d\000g\000e}{section.9.3}% 236
\BOOKMARK [1][-]{section.9.4}{\376\377\000C\000h\000a\000l\000l\000e\000n\000g\000e\000s\000\040\000i\000n\000\040\000K\000n\000o\000w\000l\000e\000d\000g\000e\000\040\000I\000n\000t\000e\000g\000r\000a\000t\000i\000o\000n}{chapter.9}% 237
\BOOKMARK [2][-]{subsection.9.4.1}{\376\377\000F\000o\000r\000m\000a\000l\000i\000z\000a\000t\000i\000o\000n\000\040\000C\000h\000a\000l\000l\000e\000n\000g\000e\000s}{section.9.4}% 238
\BOOKMARK [2][-]{subsection.9.4.2}{\376\377\000I\000n\000t\000e\000g\000r\000a\000t\000i\000o\000n\000\040\000C\000h\000a\000l\000l\000e\000n\000g\000e\000s}{section.9.4}% 239
\BOOKMARK [2][-]{subsection.9.4.3}{\376\377\000V\000a\000l\000i\000d\000a\000t\000i\000o\000n\000\040\000C\000h\000a\000l\000l\000e\000n\000g\000e\000s}{section.9.4}% 240
\BOOKMARK [1][-]{section.9.5}{\376\377\000K\000n\000o\000w\000l\000e\000d\000g\000e\000\040\000F\000o\000r\000m\000a\000l\000i\000z\000a\000t\000i\000o\000n\000\040\000T\000e\000c\000h\000n\000i\000q\000u\000e\000s}{chapter.9}% 241
\BOOKMARK [2][-]{subsection.9.5.1}{\376\377\000E\000l\000i\000c\000i\000t\000a\000t\000i\000o\000n\000\040\000M\000e\000t\000h\000o\000d\000s}{section.9.5}% 242
\BOOKMARK [2][-]{subsection.9.5.2}{\376\377\000B\000a\000y\000e\000s\000i\000a\000n\000\040\000F\000r\000a\000m\000e\000w\000o\000r\000k\000s}{section.9.5}% 243
\BOOKMARK [1][-]{section.9.6}{\376\377\000P\000a\000r\000a\000m\000e\000t\000e\000r\000\040\000C\000o\000n\000s\000t\000r\000a\000i\000n\000t\000s\000\040\000i\000n\000\040\000S\000u\000r\000v\000i\000v\000a\000l\000\040\000M\000o\000d\000e\000l\000s}{chapter.9}% 244
\BOOKMARK [2][-]{subsection.9.6.1}{\376\377\000D\000i\000s\000e\000a\000s\000e\000-\000S\000p\000e\000c\000i\000f\000i\000c\000\040\000S\000h\000a\000p\000e\000\040\000P\000a\000r\000a\000m\000e\000t\000e\000r\000s}{section.9.6}% 245
\BOOKMARK [2][-]{subsection.9.6.2}{\376\377\000I\000m\000p\000l\000e\000m\000e\000n\000t\000a\000t\000i\000o\000n\000\040\000A\000p\000p\000r\000o\000a\000c\000h\000e\000s\000\040\000f\000o\000r\000\040\000P\000a\000r\000a\000m\000e\000t\000e\000r\000\040\000C\000o\000n\000s\000t\000r\000a\000i\000n\000t\000s}{section.9.6}% 246
\BOOKMARK [1][-]{section.9.7}{\376\377\000F\000e\000a\000t\000u\000r\000e\000-\000L\000e\000v\000e\000l\000\040\000E\000x\000p\000e\000r\000t\000\040\000C\000o\000n\000s\000t\000r\000a\000i\000n\000t\000s}{chapter.9}% 247
\BOOKMARK [2][-]{subsection.9.7.1}{\376\377\000K\000n\000o\000w\000l\000e\000d\000g\000e\000\040\000A\000b\000o\000u\000t\000\040\000R\000i\000s\000k\000\040\000F\000a\000c\000t\000o\000r\000s}{section.9.7}% 248
\BOOKMARK [2][-]{subsection.9.7.2}{\376\377\000M\000o\000n\000o\000t\000o\000n\000i\000c\000i\000t\000y\000\040\000C\000o\000n\000s\000t\000r\000a\000i\000n\000t\000s}{section.9.7}% 249
\BOOKMARK [1][-]{section.9.8}{\376\377\000E\000x\000p\000e\000r\000t\000-\000G\000u\000i\000d\000e\000d\000\040\000N\000e\000u\000r\000a\000l\000\040\000A\000r\000c\000h\000i\000t\000e\000c\000t\000u\000r\000e\000s}{chapter.9}% 250
\BOOKMARK [2][-]{subsection.9.8.1}{\376\377\000S\000t\000r\000u\000c\000t\000u\000r\000e\000\040\000C\000o\000n\000s\000t\000r\000a\000i\000n\000t\000s\000\040\000f\000o\000r\000\040\000N\000e\000t\000w\000o\000r\000k\000s}{section.9.8}% 251
\BOOKMARK [2][-]{subsection.9.8.2}{\376\377\000D\000e\000d\000i\000c\000a\000t\000e\000d\000\040\000A\000r\000c\000h\000i\000t\000e\000c\000t\000u\000r\000e\000\040\000f\000o\000r\000\040\000E\000x\000p\000e\000r\000t\000\040\000C\000o\000n\000s\000t\000r\000a\000i\000n\000t\000s}{section.9.8}% 252
\BOOKMARK [1][-]{section.9.9}{\376\377\000E\000x\000p\000e\000r\000t\000\040\000K\000n\000o\000w\000l\000e\000d\000g\000e\000\040\000a\000s\000\040\000R\000e\000g\000u\000l\000a\000r\000i\000z\000a\000t\000i\000o\000n}{chapter.9}% 253
\BOOKMARK [2][-]{subsection.9.9.1}{\376\377\000T\000r\000a\000i\000n\000i\000n\000g\000\040\000w\000i\000t\000h\000\040\000E\000x\000p\000e\000r\000t\000\040\000P\000r\000i\000o\000r\000s}{section.9.9}% 254
\BOOKMARK [2][-]{subsection.9.9.2}{\376\377\000C\000o\000m\000m\000o\000n\000\040\000R\000e\000g\000u\000l\000a\000r\000i\000z\000a\000t\000i\000o\000n\000\040\000F\000o\000r\000m\000s}{section.9.9}% 255
\BOOKMARK [1][-]{section.9.10}{\376\377\000K\000n\000o\000w\000l\000e\000d\000g\000e\000\040\000D\000i\000s\000t\000i\000l\000l\000a\000t\000i\000o\000n\000\040\000f\000r\000o\000m\000\040\000E\000x\000p\000e\000r\000t\000\040\000M\000o\000d\000e\000l\000s}{chapter.9}% 256
\BOOKMARK [2][-]{subsection.9.10.1}{\376\377\000M\000o\000d\000e\000l\000\040\000D\000i\000s\000t\000i\000l\000l\000a\000t\000i\000o\000n\000\040\000P\000r\000o\000c\000e\000s\000s}{section.9.10}% 257
\BOOKMARK [1][-]{section.9.11}{\376\377\000E\000x\000p\000e\000r\000t\000-\000G\000u\000i\000d\000e\000d\000\040\000E\000n\000s\000e\000m\000b\000l\000e\000\040\000M\000e\000t\000h\000o\000d\000s}{chapter.9}% 258
\BOOKMARK [2][-]{subsection.9.11.1}{\376\377\000C\000o\000m\000b\000i\000n\000i\000n\000g\000\040\000M\000o\000d\000e\000l\000s\000\040\000w\000i\000t\000h\000\040\000E\000x\000p\000e\000r\000t\000\040\000W\000e\000i\000g\000h\000t\000s}{section.9.11}% 259
\BOOKMARK [1][-]{section.9.12}{\376\377\000C\000a\000s\000e\000\040\000S\000t\000u\000d\000y\000:\000\040\000E\000x\000p\000e\000r\000t\000-\000G\000u\000i\000d\000e\000d\000\040\000M\000E\000N\000S\000A\000\040\000f\000o\000r\000\040\000C\000a\000r\000d\000i\000o\000v\000a\000s\000c\000u\000l\000a\000r\000\040\000D\000i\000s\000e\000a\000s\000e}{chapter.9}% 260
\BOOKMARK [2][-]{subsection.9.12.1}{\376\377\000P\000r\000o\000b\000l\000e\000m\000:\000\040\000C\000o\000m\000p\000l\000e\000x\000\040\000D\000e\000p\000e\000n\000d\000e\000n\000c\000i\000e\000s\000\040\000i\000n\000\040\000C\000a\000r\000d\000i\000o\000v\000a\000s\000c\000u\000l\000a\000r\000\040\000D\000i\000s\000e\000a\000s\000e}{section.9.12}% 261
\BOOKMARK [2][-]{subsection.9.12.2}{\376\377\000E\000x\000p\000e\000r\000t\000\040\000K\000n\000o\000w\000l\000e\000d\000g\000e\000\040\000I\000n\000t\000e\000g\000r\000a\000t\000i\000o\000n}{section.9.12}% 262
\BOOKMARK [2][-]{subsection.9.12.3}{\376\377\000R\000e\000s\000u\000l\000t\000s\000\040\000a\000n\000d\000\040\000E\000v\000a\000l\000u\000a\000t\000i\000o\000n}{section.9.12}% 263
\BOOKMARK [1][-]{section.9.13}{\376\377\000I\000n\000t\000e\000g\000r\000a\000t\000i\000n\000g\000\040\000E\000x\000p\000e\000r\000t\000\040\000K\000n\000o\000w\000l\000e\000d\000g\000e\000\040\000i\000n\000\040\000t\000h\000e\000\040\000W\000o\000r\000k\000f\000l\000o\000w}{chapter.9}% 264
\BOOKMARK [1][-]{section.9.14}{\376\377\000M\000e\000a\000s\000u\000r\000i\000n\000g\000\040\000t\000h\000e\000\040\000I\000m\000p\000a\000c\000t\000\040\000o\000f\000\040\000E\000x\000p\000e\000r\000t\000\040\000K\000n\000o\000w\000l\000e\000d\000g\000e}{chapter.9}% 265
\BOOKMARK [2][-]{subsection.9.14.1}{\376\377\000E\000v\000a\000l\000u\000a\000t\000i\000o\000n\000\040\000A\000p\000p\000r\000o\000a\000c\000h\000e\000s}{section.9.14}% 266
\BOOKMARK [1][-]{section.9.15}{\376\377\000C\000h\000a\000l\000l\000e\000n\000g\000e\000s\000\040\000a\000n\000d\000\040\000F\000u\000t\000u\000r\000e\000\040\000R\000e\000s\000e\000a\000r\000c\000h\000\040\000D\000i\000r\000e\000c\000t\000i\000o\000n\000s}{chapter.9}% 267
\BOOKMARK [2][-]{subsection.9.15.1}{\376\377\000C\000u\000r\000r\000e\000n\000t\000\040\000L\000i\000m\000i\000t\000a\000t\000i\000o\000n\000s}{section.9.15}% 268
\BOOKMARK [2][-]{subsection.9.15.2}{\376\377\000F\000u\000t\000u\000r\000e\000\040\000R\000e\000s\000e\000a\000r\000c\000h\000\040\000D\000i\000r\000e\000c\000t\000i\000o\000n\000s}{section.9.15}% 269
\BOOKMARK [1][-]{section.9.16}{\376\377\000S\000u\000m\000m\000a\000r\000y\000:\000\040\000T\000h\000e\000\040\000V\000a\000l\000u\000e\000\040\000o\000f\000\040\000E\000x\000p\000e\000r\000t\000\040\000K\000n\000o\000w\000l\000e\000d\000g\000e}{chapter.9}% 270
\BOOKMARK [0][-]{chapter.10}{\376\377\000C\000o\000n\000c\000l\000u\000s\000i\000o\000n}{}% 271
\BOOKMARK [1][-]{section.10.1}{\376\377\000C\000o\000n\000c\000l\000u\000s\000i\000o\000n}{chapter.10}% 272
\BOOKMARK [2][-]{subsection.10.1.1}{\376\377\000K\000e\000y\000\040\000C\000o\000n\000t\000r\000i\000b\000u\000t\000i\000o\000n\000s\000\040\000a\000n\000d\000\040\000I\000n\000s\000i\000g\000h\000t\000s}{section.10.1}% 273
\BOOKMARK [2][-]{subsection.10.1.2}{\376\377\000C\000u\000r\000r\000e\000n\000t\000\040\000C\000h\000a\000l\000l\000e\000n\000g\000e\000s}{section.10.1}% 274
\BOOKMARK [2][-]{subsection.10.1.3}{\376\377\000F\000u\000t\000u\000r\000e\000\040\000D\000i\000r\000e\000c\000t\000i\000o\000n\000s}{section.10.1}% 275
\BOOKMARK [2][-]{subsection.10.1.4}{\376\377\000P\000r\000a\000c\000t\000i\000c\000a\000l\000\040\000I\000m\000p\000l\000e\000m\000e\000n\000t\000a\000t\000i\000o\000n\000\040\000G\000u\000i\000d\000e\000l\000i\000n\000e\000s}{section.10.1}% 276
\BOOKMARK [2][-]{subsection.10.1.5}{\376\377\000E\000t\000h\000i\000c\000a\000l\000\040\000C\000o\000n\000s\000i\000d\000e\000r\000a\000t\000i\000o\000n\000s}{section.10.1}% 277
\BOOKMARK [2][-]{subsection.10.1.6}{\376\377\000C\000o\000n\000c\000l\000u\000d\000i\000n\000g\000\040\000R\000e\000m\000a\000r\000k\000s}{section.10.1}% 278
\BOOKMARK [0][-]{chapter*.88}{\376\377\000B\000i\000b\000l\000i\000o\000g\000r\000a\000p\000h\000y}{}% 279
